[2024-08-24T11:24:00.058+0000] {local_task_job_runner.py:123} INFO - ::group::Pre task execution logs
[2024-08-24T11:24:00.163+0000] {taskinstance.py:2603} INFO - Dependencies all met for dep_context=non-requeueable deps ti=<TaskInstance: data_loader.print_hello scheduled__2024-08-23T00:00:00+00:00 [queued]>
[2024-08-24T11:24:00.199+0000] {taskinstance.py:2603} INFO - Dependencies all met for dep_context=requeueable deps ti=<TaskInstance: data_loader.print_hello scheduled__2024-08-23T00:00:00+00:00 [queued]>
[2024-08-24T11:24:00.203+0000] {taskinstance.py:2856} INFO - Starting attempt 1 of 2
[2024-08-24T11:24:00.249+0000] {taskinstance.py:2879} INFO - Executing <Task(PythonOperator): print_hello> on 2024-08-23 00:00:00+00:00
[2024-08-24T11:24:00.279+0000] {logging_mixin.py:190} WARNING - /home/***/.local/lib/python3.12/site-packages/***/task/task_runner/standard_task_runner.py:70 DeprecationWarning: This process (pid=5140) is multi-threaded, use of fork() may lead to deadlocks in the child.
[2024-08-24T11:24:00.278+0000] {standard_task_runner.py:104} INFO - Running: ['***', 'tasks', 'run', 'data_loader', 'print_hello', 'scheduled__2024-08-23T00:00:00+00:00', '--job-id', '9', '--raw', '--subdir', 'DAGS_FOLDER/data_loader.py', '--cfg-path', '/tmp/tmpcdwgymto']
[2024-08-24T11:24:00.284+0000] {standard_task_runner.py:72} INFO - Started process 5141 to run task
[2024-08-24T11:24:00.285+0000] {standard_task_runner.py:105} INFO - Job 9: Subtask print_hello
[2024-08-24T11:24:00.489+0000] {task_command.py:467} INFO - Running <TaskInstance: data_loader.print_hello scheduled__2024-08-23T00:00:00+00:00 [running]> on host bf8e87922500
[2024-08-24T11:24:00.684+0000] {taskinstance.py:3122} INFO - Exporting env vars: AIRFLOW_CTX_DAG_OWNER='***' AIRFLOW_CTX_DAG_ID='data_loader' AIRFLOW_CTX_TASK_ID='print_hello' AIRFLOW_CTX_EXECUTION_DATE='2024-08-23T00:00:00+00:00' AIRFLOW_CTX_TRY_NUMBER='1' AIRFLOW_CTX_DAG_RUN_ID='scheduled__2024-08-23T00:00:00+00:00'
[2024-08-24T11:24:00.689+0000] {logging_mixin.py:190} INFO - Task instance is in running state
[2024-08-24T11:24:00.693+0000] {logging_mixin.py:190} INFO -  Previous state of the Task instance: queued
[2024-08-24T11:24:00.695+0000] {logging_mixin.py:190} INFO - Current task name:print_hello state:running start_date:2024-08-24 11:24:00.172752+00:00
[2024-08-24T11:24:00.704+0000] {logging_mixin.py:190} INFO - Dag name:data_loader and current dag run status:running
[2024-08-24T11:24:00.709+0000] {taskinstance.py:731} INFO - ::endgroup::
[2024-08-24T11:24:00.712+0000] {logging_mixin.py:190} INFO - hello
[2024-08-24T11:24:00.713+0000] {python.py:240} INFO - Done. Returned value was: hello world
[2024-08-24T11:24:00.776+0000] {taskinstance.py:340} INFO - ::group::Post task execution logs
[2024-08-24T11:24:00.778+0000] {taskinstance.py:352} INFO - Marking task as SUCCESS. dag_id=data_loader, task_id=print_hello, run_id=scheduled__2024-08-23T00:00:00+00:00, execution_date=20240823T000000, start_date=20240824T112400, end_date=20240824T112400
[2024-08-24T11:24:00.797+0000] {logging_mixin.py:190} INFO - Task instance in success state
[2024-08-24T11:24:00.800+0000] {logging_mixin.py:190} INFO -  Previous state of the Task instance: running
[2024-08-24T11:24:00.802+0000] {logging_mixin.py:190} INFO - Dag name:data_loader queued_at:2024-08-24 11:23:58.752887+00:00
[2024-08-24T11:24:00.803+0000] {logging_mixin.py:190} INFO - Task hostname:bf8e87922500 operator:PythonOperator
[2024-08-24T11:24:00.831+0000] {local_task_job_runner.py:261} INFO - Task exited with return code 0
[2024-08-24T11:24:00.882+0000] {taskinstance.py:3891} INFO - 0 downstream tasks scheduled from follow-on schedule check
[2024-08-24T11:24:00.935+0000] {local_task_job_runner.py:240} INFO - ::endgroup::
