[2024-08-24T12:29:27.392+0000] {local_task_job_runner.py:123} INFO - ::group::Pre task execution logs
[2024-08-24T12:29:27.445+0000] {taskinstance.py:2603} INFO - Dependencies all met for dep_context=non-requeueable deps ti=<TaskInstance: bybit_tick_fetcher.fetch_and_store_task manual__2024-08-24T12:23:32.358240+00:00 [queued]>
[2024-08-24T12:29:27.465+0000] {taskinstance.py:2603} INFO - Dependencies all met for dep_context=requeueable deps ti=<TaskInstance: bybit_tick_fetcher.fetch_and_store_task manual__2024-08-24T12:23:32.358240+00:00 [queued]>
[2024-08-24T12:29:27.467+0000] {taskinstance.py:2856} INFO - Starting attempt 1 of 2
[2024-08-24T12:29:27.495+0000] {taskinstance.py:2879} INFO - Executing <Task(PythonOperator): fetch_and_store_task> on 2024-08-24 12:23:32.358240+00:00
[2024-08-24T12:29:27.510+0000] {logging_mixin.py:190} WARNING - /home/***/.local/lib/python3.12/site-packages/***/task/task_runner/standard_task_runner.py:70 DeprecationWarning: This process (pid=190) is multi-threaded, use of fork() may lead to deadlocks in the child.
[2024-08-24T12:29:27.512+0000] {standard_task_runner.py:72} INFO - Started process 226 to run task
[2024-08-24T12:29:27.512+0000] {standard_task_runner.py:104} INFO - Running: ['***', 'tasks', 'run', 'bybit_tick_fetcher', 'fetch_and_store_task', 'manual__2024-08-24T12:23:32.358240+00:00', '--job-id', '51', '--raw', '--subdir', 'DAGS_FOLDER/data_loader.py', '--cfg-path', '/tmp/tmpnu90cpmd']
[2024-08-24T12:29:27.517+0000] {standard_task_runner.py:105} INFO - Job 51: Subtask fetch_and_store_task
[2024-08-24T12:29:27.661+0000] {task_command.py:467} INFO - Running <TaskInstance: bybit_tick_fetcher.fetch_and_store_task manual__2024-08-24T12:23:32.358240+00:00 [running]> on host bf8e87922500
[2024-08-24T12:29:27.847+0000] {taskinstance.py:3122} INFO - Exporting env vars: AIRFLOW_CTX_DAG_OWNER='***' AIRFLOW_CTX_DAG_ID='bybit_tick_fetcher' AIRFLOW_CTX_TASK_ID='fetch_and_store_task' AIRFLOW_CTX_EXECUTION_DATE='2024-08-24T12:23:32.358240+00:00' AIRFLOW_CTX_TRY_NUMBER='1' AIRFLOW_CTX_DAG_RUN_ID='manual__2024-08-24T12:23:32.358240+00:00'
[2024-08-24T12:29:27.851+0000] {logging_mixin.py:190} INFO - Task instance is in running state
[2024-08-24T12:29:27.852+0000] {logging_mixin.py:190} INFO -  Previous state of the Task instance: queued
[2024-08-24T12:29:27.853+0000] {logging_mixin.py:190} INFO - Current task name:fetch_and_store_task state:running start_date:2024-08-24 12:29:27.447888+00:00
[2024-08-24T12:29:27.855+0000] {logging_mixin.py:190} INFO - Dag name:bybit_tick_fetcher and current dag run status:running
[2024-08-24T12:29:27.856+0000] {taskinstance.py:731} INFO - ::endgroup::
[2024-08-24T12:29:27.859+0000] {data_loader.py:34} INFO - Download start for https://public.bybit.com/trading/BTCUSDT/BTCUSDT2023-08-23.csv.gz
[2024-08-24T12:30:26.250+0000] {data_loader.py:54} ERROR - Error writing file /Users/farhan/Desktop/Data/BTCUSDT/BTCUSDT2023-08-23.csv.gz: [Errno 2] No such file or directory: '/Users/farhan/Desktop/Data/BTCUSDT/BTCUSDT2023-08-23.csv.gz'
[2024-08-24T12:30:26.253+0000] {data_loader.py:34} INFO - Download start for https://public.bybit.com/trading/BTCUSDT/BTCUSDT2023-08-24.csv.gz
[2024-08-24T12:31:10.205+0000] {data_loader.py:54} ERROR - Error writing file /Users/farhan/Desktop/Data/BTCUSDT/BTCUSDT2023-08-24.csv.gz: [Errno 2] No such file or directory: '/Users/farhan/Desktop/Data/BTCUSDT/BTCUSDT2023-08-24.csv.gz'
[2024-08-24T12:31:10.211+0000] {data_loader.py:34} INFO - Download start for https://public.bybit.com/trading/BTCUSDT/BTCUSDT2023-08-25.csv.gz
[2024-08-24T12:31:47.491+0000] {data_loader.py:54} ERROR - Error writing file /Users/farhan/Desktop/Data/BTCUSDT/BTCUSDT2023-08-25.csv.gz: [Errno 2] No such file or directory: '/Users/farhan/Desktop/Data/BTCUSDT/BTCUSDT2023-08-25.csv.gz'
[2024-08-24T12:31:47.496+0000] {data_loader.py:34} INFO - Download start for https://public.bybit.com/trading/BTCUSDT/BTCUSDT2023-08-26.csv.gz
[2024-08-24T12:31:56.796+0000] {data_loader.py:54} ERROR - Error writing file /Users/farhan/Desktop/Data/BTCUSDT/BTCUSDT2023-08-26.csv.gz: [Errno 2] No such file or directory: '/Users/farhan/Desktop/Data/BTCUSDT/BTCUSDT2023-08-26.csv.gz'
[2024-08-24T12:31:56.798+0000] {data_loader.py:34} INFO - Download start for https://public.bybit.com/trading/BTCUSDT/BTCUSDT2023-08-27.csv.gz
[2024-08-24T12:32:10.359+0000] {data_loader.py:54} ERROR - Error writing file /Users/farhan/Desktop/Data/BTCUSDT/BTCUSDT2023-08-27.csv.gz: [Errno 2] No such file or directory: '/Users/farhan/Desktop/Data/BTCUSDT/BTCUSDT2023-08-27.csv.gz'
[2024-08-24T12:32:10.362+0000] {data_loader.py:34} INFO - Download start for https://public.bybit.com/trading/BTCUSDT/BTCUSDT2023-08-28.csv.gz
[2024-08-24T12:33:43.609+0000] {data_loader.py:54} ERROR - Error writing file /Users/farhan/Desktop/Data/BTCUSDT/BTCUSDT2023-08-28.csv.gz: [Errno 2] No such file or directory: '/Users/farhan/Desktop/Data/BTCUSDT/BTCUSDT2023-08-28.csv.gz'
[2024-08-24T12:33:43.613+0000] {data_loader.py:34} INFO - Download start for https://public.bybit.com/trading/BTCUSDT/BTCUSDT2023-08-29.csv.gz
[2024-08-24T12:36:06.241+0000] {data_loader.py:54} ERROR - Error writing file /Users/farhan/Desktop/Data/BTCUSDT/BTCUSDT2023-08-29.csv.gz: [Errno 2] No such file or directory: '/Users/farhan/Desktop/Data/BTCUSDT/BTCUSDT2023-08-29.csv.gz'
[2024-08-24T12:36:06.249+0000] {data_loader.py:34} INFO - Download start for https://public.bybit.com/trading/BTCUSDT/BTCUSDT2023-08-30.csv.gz
[2024-08-24T12:37:16.340+0000] {data_loader.py:54} ERROR - Error writing file /Users/farhan/Desktop/Data/BTCUSDT/BTCUSDT2023-08-30.csv.gz: [Errno 2] No such file or directory: '/Users/farhan/Desktop/Data/BTCUSDT/BTCUSDT2023-08-30.csv.gz'
[2024-08-24T12:37:16.362+0000] {python.py:240} INFO - Done. Returned value was: None
[2024-08-24T12:37:16.438+0000] {taskinstance.py:340} INFO - ::group::Post task execution logs
[2024-08-24T12:37:16.441+0000] {taskinstance.py:352} INFO - Marking task as SUCCESS. dag_id=bybit_tick_fetcher, task_id=fetch_and_store_task, run_id=manual__2024-08-24T12:23:32.358240+00:00, execution_date=20240824T122332, start_date=20240824T122927, end_date=20240824T123716
[2024-08-24T12:37:16.482+0000] {logging_mixin.py:190} INFO - Task instance in success state
[2024-08-24T12:37:16.484+0000] {logging_mixin.py:190} INFO -  Previous state of the Task instance: running
[2024-08-24T12:37:16.487+0000] {logging_mixin.py:190} INFO - Dag name:bybit_tick_fetcher queued_at:2024-08-24 12:23:32.371778+00:00
[2024-08-24T12:37:16.488+0000] {logging_mixin.py:190} INFO - Task hostname:bf8e87922500 operator:PythonOperator
[2024-08-24T12:37:16.571+0000] {local_task_job_runner.py:261} INFO - Task exited with return code 0
[2024-08-24T12:37:16.675+0000] {taskinstance.py:3891} INFO - 0 downstream tasks scheduled from follow-on schedule check
[2024-08-24T12:37:16.685+0000] {local_task_job_runner.py:240} INFO - ::endgroup::
