[2024-08-24T12:12:16.905+0000] {local_task_job_runner.py:123} INFO - ::group::Pre task execution logs
[2024-08-24T12:12:16.924+0000] {taskinstance.py:2603} INFO - Dependencies all met for dep_context=non-requeueable deps ti=<TaskInstance: data_loader.print_hello manual__2024-08-24T12:12:15.118887+00:00 [queued]>
[2024-08-24T12:12:16.934+0000] {taskinstance.py:2603} INFO - Dependencies all met for dep_context=requeueable deps ti=<TaskInstance: data_loader.print_hello manual__2024-08-24T12:12:15.118887+00:00 [queued]>
[2024-08-24T12:12:16.935+0000] {taskinstance.py:2856} INFO - Starting attempt 1 of 2
[2024-08-24T12:12:16.953+0000] {taskinstance.py:2879} INFO - Executing <Task(PythonOperator): print_hello> on 2024-08-24 12:12:15.118887+00:00
[2024-08-24T12:12:16.967+0000] {logging_mixin.py:190} WARNING - /home/***/.local/lib/python3.12/site-packages/***/task/task_runner/standard_task_runner.py:70 DeprecationWarning: This process (pid=32587) is multi-threaded, use of fork() may lead to deadlocks in the child.
[2024-08-24T12:12:16.967+0000] {standard_task_runner.py:104} INFO - Running: ['***', 'tasks', 'run', 'data_loader', 'print_hello', 'manual__2024-08-24T12:12:15.118887+00:00', '--job-id', '11', '--raw', '--subdir', 'DAGS_FOLDER/data_loader.py', '--cfg-path', '/tmp/tmpgnfcxzdg']
[2024-08-24T12:12:16.969+0000] {standard_task_runner.py:72} INFO - Started process 32588 to run task
[2024-08-24T12:12:16.969+0000] {standard_task_runner.py:105} INFO - Job 11: Subtask print_hello
[2024-08-24T12:12:17.041+0000] {task_command.py:467} INFO - Running <TaskInstance: data_loader.print_hello manual__2024-08-24T12:12:15.118887+00:00 [running]> on host bf8e87922500
[2024-08-24T12:12:17.174+0000] {taskinstance.py:3122} INFO - Exporting env vars: AIRFLOW_CTX_DAG_OWNER='***' AIRFLOW_CTX_DAG_ID='data_loader' AIRFLOW_CTX_TASK_ID='print_hello' AIRFLOW_CTX_EXECUTION_DATE='2024-08-24T12:12:15.118887+00:00' AIRFLOW_CTX_TRY_NUMBER='1' AIRFLOW_CTX_DAG_RUN_ID='manual__2024-08-24T12:12:15.118887+00:00'
[2024-08-24T12:12:17.179+0000] {logging_mixin.py:190} INFO - Task instance is in running state
[2024-08-24T12:12:17.180+0000] {logging_mixin.py:190} INFO -  Previous state of the Task instance: queued
[2024-08-24T12:12:17.181+0000] {logging_mixin.py:190} INFO - Current task name:print_hello state:running start_date:2024-08-24 12:12:16.924925+00:00
[2024-08-24T12:12:17.182+0000] {logging_mixin.py:190} INFO - Dag name:data_loader and current dag run status:running
[2024-08-24T12:12:17.182+0000] {taskinstance.py:731} INFO - ::endgroup::
[2024-08-24T12:12:17.185+0000] {logging_mixin.py:190} INFO - hello >>>
[2024-08-24T12:12:17.186+0000] {python.py:240} INFO - Done. Returned value was: hello worldfarhan
[2024-08-24T12:12:17.212+0000] {taskinstance.py:340} INFO - ::group::Post task execution logs
[2024-08-24T12:12:17.214+0000] {taskinstance.py:352} INFO - Marking task as SUCCESS. dag_id=data_loader, task_id=print_hello, run_id=manual__2024-08-24T12:12:15.118887+00:00, execution_date=20240824T121215, start_date=20240824T121216, end_date=20240824T121217
[2024-08-24T12:12:17.225+0000] {logging_mixin.py:190} INFO - Task instance in success state
[2024-08-24T12:12:17.226+0000] {logging_mixin.py:190} INFO -  Previous state of the Task instance: running
[2024-08-24T12:12:17.226+0000] {logging_mixin.py:190} INFO - Dag name:data_loader queued_at:2024-08-24 12:12:15.149267+00:00
[2024-08-24T12:12:17.227+0000] {logging_mixin.py:190} INFO - Task hostname:bf8e87922500 operator:PythonOperator
[2024-08-24T12:12:17.238+0000] {local_task_job_runner.py:261} INFO - Task exited with return code 0
[2024-08-24T12:12:17.264+0000] {taskinstance.py:3891} INFO - 0 downstream tasks scheduled from follow-on schedule check
[2024-08-24T12:12:17.266+0000] {local_task_job_runner.py:240} INFO - ::endgroup::
