[2024-08-24T12:29:27.397+0000] {local_task_job_runner.py:123} INFO - ::group::Pre task execution logs
[2024-08-24T12:29:27.438+0000] {taskinstance.py:2603} INFO - Dependencies all met for dep_context=non-requeueable deps ti=<TaskInstance: bybit_tick_fetcher.fetch_and_store_task manual__2024-08-24T12:25:22.813533+00:00 [queued]>
[2024-08-24T12:29:27.453+0000] {taskinstance.py:2603} INFO - Dependencies all met for dep_context=requeueable deps ti=<TaskInstance: bybit_tick_fetcher.fetch_and_store_task manual__2024-08-24T12:25:22.813533+00:00 [queued]>
[2024-08-24T12:29:27.455+0000] {taskinstance.py:2856} INFO - Starting attempt 1 of 2
[2024-08-24T12:29:27.484+0000] {taskinstance.py:2879} INFO - Executing <Task(PythonOperator): fetch_and_store_task> on 2024-08-24 12:25:22.813533+00:00
[2024-08-24T12:29:27.498+0000] {logging_mixin.py:190} WARNING - /home/***/.local/lib/python3.12/site-packages/***/task/task_runner/standard_task_runner.py:70 DeprecationWarning: This process (pid=192) is multi-threaded, use of fork() may lead to deadlocks in the child.
[2024-08-24T12:29:27.500+0000] {standard_task_runner.py:104} INFO - Running: ['***', 'tasks', 'run', 'bybit_tick_fetcher', 'fetch_and_store_task', 'manual__2024-08-24T12:25:22.813533+00:00', '--job-id', '52', '--raw', '--subdir', 'DAGS_FOLDER/data_loader.py', '--cfg-path', '/tmp/tmpwt3j36c1']
[2024-08-24T12:29:27.504+0000] {standard_task_runner.py:105} INFO - Job 52: Subtask fetch_and_store_task
[2024-08-24T12:29:27.503+0000] {standard_task_runner.py:72} INFO - Started process 225 to run task
[2024-08-24T12:29:27.652+0000] {task_command.py:467} INFO - Running <TaskInstance: bybit_tick_fetcher.fetch_and_store_task manual__2024-08-24T12:25:22.813533+00:00 [running]> on host bf8e87922500
[2024-08-24T12:29:27.865+0000] {taskinstance.py:3122} INFO - Exporting env vars: AIRFLOW_CTX_DAG_OWNER='***' AIRFLOW_CTX_DAG_ID='bybit_tick_fetcher' AIRFLOW_CTX_TASK_ID='fetch_and_store_task' AIRFLOW_CTX_EXECUTION_DATE='2024-08-24T12:25:22.813533+00:00' AIRFLOW_CTX_TRY_NUMBER='1' AIRFLOW_CTX_DAG_RUN_ID='manual__2024-08-24T12:25:22.813533+00:00'
[2024-08-24T12:29:27.869+0000] {logging_mixin.py:190} INFO - Task instance is in running state
[2024-08-24T12:29:27.874+0000] {logging_mixin.py:190} INFO -  Previous state of the Task instance: queued
[2024-08-24T12:29:27.878+0000] {logging_mixin.py:190} INFO - Current task name:fetch_and_store_task state:running start_date:2024-08-24 12:29:27.439993+00:00
[2024-08-24T12:29:27.879+0000] {logging_mixin.py:190} INFO - Dag name:bybit_tick_fetcher and current dag run status:running
[2024-08-24T12:29:27.887+0000] {taskinstance.py:731} INFO - ::endgroup::
[2024-08-24T12:29:27.892+0000] {data_loader.py:34} INFO - Download start for https://public.bybit.com/trading/BTCUSDT/BTCUSDT2023-08-23.csv.gz
[2024-08-24T12:30:26.517+0000] {data_loader.py:54} ERROR - Error writing file /Users/farhan/Desktop/Data/BTCUSDT/BTCUSDT2023-08-23.csv.gz: [Errno 2] No such file or directory: '/Users/farhan/Desktop/Data/BTCUSDT/BTCUSDT2023-08-23.csv.gz'
[2024-08-24T12:30:26.519+0000] {data_loader.py:34} INFO - Download start for https://public.bybit.com/trading/BTCUSDT/BTCUSDT2023-08-24.csv.gz
[2024-08-24T12:31:09.206+0000] {data_loader.py:54} ERROR - Error writing file /Users/farhan/Desktop/Data/BTCUSDT/BTCUSDT2023-08-24.csv.gz: [Errno 2] No such file or directory: '/Users/farhan/Desktop/Data/BTCUSDT/BTCUSDT2023-08-24.csv.gz'
[2024-08-24T12:31:09.217+0000] {data_loader.py:34} INFO - Download start for https://public.bybit.com/trading/BTCUSDT/BTCUSDT2023-08-25.csv.gz
[2024-08-24T12:31:48.787+0000] {data_loader.py:54} ERROR - Error writing file /Users/farhan/Desktop/Data/BTCUSDT/BTCUSDT2023-08-25.csv.gz: [Errno 2] No such file or directory: '/Users/farhan/Desktop/Data/BTCUSDT/BTCUSDT2023-08-25.csv.gz'
[2024-08-24T12:31:48.793+0000] {data_loader.py:34} INFO - Download start for https://public.bybit.com/trading/BTCUSDT/BTCUSDT2023-08-26.csv.gz
[2024-08-24T12:31:57.081+0000] {data_loader.py:54} ERROR - Error writing file /Users/farhan/Desktop/Data/BTCUSDT/BTCUSDT2023-08-26.csv.gz: [Errno 2] No such file or directory: '/Users/farhan/Desktop/Data/BTCUSDT/BTCUSDT2023-08-26.csv.gz'
[2024-08-24T12:31:57.083+0000] {data_loader.py:34} INFO - Download start for https://public.bybit.com/trading/BTCUSDT/BTCUSDT2023-08-27.csv.gz
[2024-08-24T12:32:10.809+0000] {data_loader.py:54} ERROR - Error writing file /Users/farhan/Desktop/Data/BTCUSDT/BTCUSDT2023-08-27.csv.gz: [Errno 2] No such file or directory: '/Users/farhan/Desktop/Data/BTCUSDT/BTCUSDT2023-08-27.csv.gz'
[2024-08-24T12:32:10.812+0000] {data_loader.py:34} INFO - Download start for https://public.bybit.com/trading/BTCUSDT/BTCUSDT2023-08-28.csv.gz
[2024-08-24T12:33:43.259+0000] {data_loader.py:54} ERROR - Error writing file /Users/farhan/Desktop/Data/BTCUSDT/BTCUSDT2023-08-28.csv.gz: [Errno 2] No such file or directory: '/Users/farhan/Desktop/Data/BTCUSDT/BTCUSDT2023-08-28.csv.gz'
[2024-08-24T12:33:43.264+0000] {data_loader.py:34} INFO - Download start for https://public.bybit.com/trading/BTCUSDT/BTCUSDT2023-08-29.csv.gz
[2024-08-24T12:36:06.893+0000] {data_loader.py:54} ERROR - Error writing file /Users/farhan/Desktop/Data/BTCUSDT/BTCUSDT2023-08-29.csv.gz: [Errno 2] No such file or directory: '/Users/farhan/Desktop/Data/BTCUSDT/BTCUSDT2023-08-29.csv.gz'
[2024-08-24T12:36:06.897+0000] {data_loader.py:34} INFO - Download start for https://public.bybit.com/trading/BTCUSDT/BTCUSDT2023-08-30.csv.gz
[2024-08-24T12:37:16.515+0000] {data_loader.py:54} ERROR - Error writing file /Users/farhan/Desktop/Data/BTCUSDT/BTCUSDT2023-08-30.csv.gz: [Errno 2] No such file or directory: '/Users/farhan/Desktop/Data/BTCUSDT/BTCUSDT2023-08-30.csv.gz'
[2024-08-24T12:37:16.526+0000] {python.py:240} INFO - Done. Returned value was: None
[2024-08-24T12:37:16.610+0000] {taskinstance.py:340} INFO - ::group::Post task execution logs
[2024-08-24T12:37:16.617+0000] {taskinstance.py:352} INFO - Marking task as SUCCESS. dag_id=bybit_tick_fetcher, task_id=fetch_and_store_task, run_id=manual__2024-08-24T12:25:22.813533+00:00, execution_date=20240824T122522, start_date=20240824T122927, end_date=20240824T123716
[2024-08-24T12:37:16.674+0000] {logging_mixin.py:190} INFO - Task instance in success state
[2024-08-24T12:37:16.680+0000] {logging_mixin.py:190} INFO -  Previous state of the Task instance: running
[2024-08-24T12:37:16.682+0000] {logging_mixin.py:190} INFO - Dag name:bybit_tick_fetcher queued_at:2024-08-24 12:25:22.842063+00:00
[2024-08-24T12:37:16.685+0000] {logging_mixin.py:190} INFO - Task hostname:bf8e87922500 operator:PythonOperator
[2024-08-24T12:37:16.745+0000] {local_task_job_runner.py:261} INFO - Task exited with return code 0
[2024-08-24T12:37:16.817+0000] {taskinstance.py:3891} INFO - 0 downstream tasks scheduled from follow-on schedule check
[2024-08-24T12:37:16.821+0000] {local_task_job_runner.py:240} INFO - ::endgroup::
